<component name="libraryTable">
  <library name="junit-4.13.2-sources">
    <CLASSES />
    <JAVADOC />
    <SOURCES>
      <root url="jar://$PROJECT_DIR$/07TP-FormuLInf/Code/FormuLInf/tests/junit-4.13.2-sources.jar!/" />
    </SOURCES>
  </library>
</component>